Generated at Wed Aug 07 17:48:44 +0900 2013
Chef::Exceptions::Group: group[rbenv] (rbenv::default line 75) had an error: Chef::Exceptions::Group: dscl error: ["dscl . -create /Groups/rbenv", #<Process::Status: pid=12746,exited(40)>, "", "<main> attribute status: eDSPermissionError\n<dscl_cmd> DS Error: -14120 (eDSPermissionError)\n"]
/Library/Ruby/Gems/1.8/gems/chef-11.6.0/bin/../lib/chef/provider/group/dscl.rb:37:in `safe_dscl'
/Library/Ruby/Gems/1.8/gems/chef-11.6.0/bin/../lib/chef/provider/group/dscl.rb:119:in `dscl_create_group'
/Library/Ruby/Gems/1.8/gems/chef-11.6.0/bin/../lib/chef/provider/group/dscl.rb:101:in `create_group'
/Library/Ruby/Gems/1.8/gems/chef-11.6.0/bin/../lib/chef/provider/group.rb:104:in `action_create'
/Library/Ruby/Gems/1.8/gems/chef-11.6.0/bin/../lib/chef/mixin/why_run.rb:52:in `call'
/Library/Ruby/Gems/1.8/gems/chef-11.6.0/bin/../lib/chef/mixin/why_run.rb:52:in `add_action'
/Library/Ruby/Gems/1.8/gems/chef-11.6.0/bin/../lib/chef/provider.rb:149:in `converge_by'
/Library/Ruby/Gems/1.8/gems/chef-11.6.0/bin/../lib/chef/provider/group.rb:103:in `action_create'
/Library/Ruby/Gems/1.8/gems/chef-11.6.0/bin/../lib/chef/provider.rb:114:in `send'
/Library/Ruby/Gems/1.8/gems/chef-11.6.0/bin/../lib/chef/provider.rb:114:in `run_action'
/Library/Ruby/Gems/1.8/gems/chef-11.6.0/bin/../lib/chef/resource.rb:625:in `run_action'
/Library/Ruby/Gems/1.8/gems/chef-11.6.0/bin/../lib/chef/runner.rb:49:in `run_action'
/Library/Ruby/Gems/1.8/gems/chef-11.6.0/bin/../lib/chef/runner.rb:81:in `converge'
/Library/Ruby/Gems/1.8/gems/chef-11.6.0/bin/../lib/chef/runner.rb:81:in `each'
/Library/Ruby/Gems/1.8/gems/chef-11.6.0/bin/../lib/chef/runner.rb:81:in `converge'
/Library/Ruby/Gems/1.8/gems/chef-11.6.0/bin/../lib/chef/resource_collection.rb:98:in `execute_each_resource'
/Library/Ruby/Gems/1.8/gems/chef-11.6.0/bin/../lib/chef/resource_collection/stepable_iterator.rb:116:in `call'
/Library/Ruby/Gems/1.8/gems/chef-11.6.0/bin/../lib/chef/resource_collection/stepable_iterator.rb:116:in `call_iterator_block'
/Library/Ruby/Gems/1.8/gems/chef-11.6.0/bin/../lib/chef/resource_collection/stepable_iterator.rb:85:in `step'
/Library/Ruby/Gems/1.8/gems/chef-11.6.0/bin/../lib/chef/resource_collection/stepable_iterator.rb:104:in `iterate'
/Library/Ruby/Gems/1.8/gems/chef-11.6.0/bin/../lib/chef/resource_collection/stepable_iterator.rb:55:in `each_with_index'
/Library/Ruby/Gems/1.8/gems/chef-11.6.0/bin/../lib/chef/resource_collection.rb:96:in `execute_each_resource'
/Library/Ruby/Gems/1.8/gems/chef-11.6.0/bin/../lib/chef/runner.rb:80:in `converge'
/Library/Ruby/Gems/1.8/gems/chef-11.6.0/bin/../lib/chef/client.rb:429:in `converge'
/Library/Ruby/Gems/1.8/gems/chef-11.6.0/bin/../lib/chef/client.rb:494:in `do_run'
/Library/Ruby/Gems/1.8/gems/chef-11.6.0/bin/../lib/chef/client.rb:199:in `run'
/Library/Ruby/Gems/1.8/gems/chef-11.6.0/bin/../lib/chef/client.rb:193:in `fork'
/Library/Ruby/Gems/1.8/gems/chef-11.6.0/bin/../lib/chef/client.rb:193:in `run'
/Library/Ruby/Gems/1.8/gems/chef-11.6.0/bin/../lib/chef/application.rb:183:in `run_chef_client'
/Library/Ruby/Gems/1.8/gems/chef-11.6.0/bin/../lib/chef/application/solo.rb:239:in `run_application'
/Library/Ruby/Gems/1.8/gems/chef-11.6.0/bin/../lib/chef/application/solo.rb:231:in `loop'
/Library/Ruby/Gems/1.8/gems/chef-11.6.0/bin/../lib/chef/application/solo.rb:231:in `run_application'
/Library/Ruby/Gems/1.8/gems/chef-11.6.0/bin/../lib/chef/application.rb:66:in `run'
/Library/Ruby/Gems/1.8/gems/chef-11.6.0/bin/chef-solo:25
/usr/bin/chef-solo:19:in `load'
/usr/bin/chef-solo:19